mode: set
github.com/WolvenSpirit/node-graph-flow/circular.go:17.54,18.23 1 1
github.com/WolvenSpirit/node-graph-flow/circular.go:18.23,19.24 1 1
github.com/WolvenSpirit/node-graph-flow/circular.go:22.3,22.24 1 1
github.com/WolvenSpirit/node-graph-flow/circular.go:25.3,26.52 2 1
github.com/WolvenSpirit/node-graph-flow/circular.go:19.24,21.4 1 1
github.com/WolvenSpirit/node-graph-flow/circular.go:22.24,24.4 1 1
github.com/WolvenSpirit/node-graph-flow/main.go:15.38,17.2 1 1
github.com/WolvenSpirit/node-graph-flow/main.go:25.30,27.2 1 1
github.com/WolvenSpirit/node-graph-flow/main.go:29.50,30.36 1 1
github.com/WolvenSpirit/node-graph-flow/main.go:33.2,33.19 1 1
github.com/WolvenSpirit/node-graph-flow/main.go:30.36,32.3 1 1
github.com/WolvenSpirit/node-graph-flow/main.go:57.36,59.2 1 1
github.com/WolvenSpirit/node-graph-flow/main.go:61.34,63.2 1 1
github.com/WolvenSpirit/node-graph-flow/main.go:66.49,68.26 2 1
github.com/WolvenSpirit/node-graph-flow/main.go:68.26,70.3 1 1
github.com/WolvenSpirit/node-graph-flow/main.go:77.98,78.43 1 1
github.com/WolvenSpirit/node-graph-flow/main.go:87.2,87.33 1 1
github.com/WolvenSpirit/node-graph-flow/main.go:90.2,90.16 1 1
github.com/WolvenSpirit/node-graph-flow/main.go:94.2,102.25 9 1
github.com/WolvenSpirit/node-graph-flow/main.go:105.2,105.35 1 1
github.com/WolvenSpirit/node-graph-flow/main.go:108.2,108.40 1 1
github.com/WolvenSpirit/node-graph-flow/main.go:111.2,111.16 1 1
github.com/WolvenSpirit/node-graph-flow/main.go:78.43,79.10 1 1
github.com/WolvenSpirit/node-graph-flow/main.go:80.42,81.10 1 1
github.com/WolvenSpirit/node-graph-flow/main.go:82.11,82.11 0 1
github.com/WolvenSpirit/node-graph-flow/main.go:87.33,89.3 1 1
github.com/WolvenSpirit/node-graph-flow/main.go:90.16,93.3 2 1
github.com/WolvenSpirit/node-graph-flow/main.go:102.25,104.3 1 1
github.com/WolvenSpirit/node-graph-flow/main.go:105.35,107.3 1 1
github.com/WolvenSpirit/node-graph-flow/main.go:108.40,110.3 1 1
github.com/WolvenSpirit/node-graph-flow/main.go:111.16,114.3 2 1
github.com/WolvenSpirit/node-graph-flow/main.go:118.43,120.2 1 1
